<?xml version="1.0" encoding="UTF-8"?>
<testng-results skipped="0" failed="0" ignored="0" total="2" passed="2">
  <reporter-output>
    <line>
      <![CDATA[【info】com.dream.framework.DriverUtils: 打开网址：http://127.0.0.1:82/zentao]]>
    </line>
    <line>
      <![CDATA[【info】com.dream.framework.DriverUtils: 打开网址：http://127.0.0.1:82/zentao]]>
    </line>
    <line>
      <![CDATA[【info】com.dream.framework.DriverUtils: 获取元素： 用户菜单 文本值]]>
    </line>
  </reporter-output>
  <suite name="suite1" duration-ms="49126" started-at="2018-03-16T10:57:44Z" finished-at="2018-03-16T10:58:33Z">
    <groups>
    </groups>
    <test name="test1" duration-ms="49126" started-at="2018-03-16T10:57:44Z" finished-at="2018-03-16T10:58:33Z">
      <class name="com.dream.testcases.LoginTest">
        <test-method status="PASS" signature="setUp()[pri:0, instance:com.dream.testcases.LoginTest@271053e1]" name="setUp" is-config="true" duration-ms="9763" started-at="2018-03-16T18:57:44Z" finished-at="2018-03-16T18:57:53Z">
          <reporter-output>
          </reporter-output>
        </test-method> <!-- setUp -->
        <test-method status="PASS" signature="LoginFailTest()[pri:0, instance:com.dream.testcases.LoginTest@271053e1]" name="LoginFailTest" duration-ms="11903" started-at="2018-03-16T18:57:53Z" finished-at="2018-03-16T18:58:05Z">
          <reporter-output>
            <line>
              <![CDATA[【info】com.dream.framework.DriverUtils: 打开网址：http://127.0.0.1:82/zentao]]>
            </line>
          </reporter-output>
        </test-method> <!-- LoginFailTest -->
        <test-method status="PASS" signature="quit()[pri:0, instance:com.dream.testcases.LoginTest@271053e1]" name="quit" is-config="true" duration-ms="4547" started-at="2018-03-16T18:58:05Z" finished-at="2018-03-16T18:58:10Z">
          <reporter-output>
          </reporter-output>
        </test-method> <!-- quit -->
        <test-method status="PASS" signature="setUp()[pri:0, instance:com.dream.testcases.LoginTest@271053e1]" name="setUp" is-config="true" duration-ms="9807" started-at="2018-03-16T18:58:10Z" finished-at="2018-03-16T18:58:20Z">
          <reporter-output>
          </reporter-output>
        </test-method> <!-- setUp -->
        <test-method status="PASS" signature="LoginSuccessTest()[pri:0, instance:com.dream.testcases.LoginTest@271053e1]" name="LoginSuccessTest" duration-ms="8548" started-at="2018-03-16T18:58:20Z" finished-at="2018-03-16T18:58:28Z">
          <reporter-output>
            <line>
              <![CDATA[【info】com.dream.framework.DriverUtils: 打开网址：http://127.0.0.1:82/zentao]]>
            </line>
            <line>
              <![CDATA[【info】com.dream.framework.DriverUtils: 获取元素： 用户菜单 文本值]]>
            </line>
          </reporter-output>
        </test-method> <!-- LoginSuccessTest -->
        <test-method status="PASS" signature="quit()[pri:0, instance:com.dream.testcases.LoginTest@271053e1]" name="quit" is-config="true" duration-ms="4499" started-at="2018-03-16T18:58:28Z" finished-at="2018-03-16T18:58:33Z">
          <reporter-output>
          </reporter-output>
        </test-method> <!-- quit -->
      </class> <!-- com.dream.testcases.LoginTest -->
    </test> <!-- test1 -->
  </suite> <!-- suite1 -->
</testng-results>
